<?xml version="1.0" encoding="UTF-8"?>
<!-- Generated by org.testng.reporters.JUnitReportReporter -->
<testsuite hostname="manishas-MacBook-Air.local" failures="0" tests="6" name="testngframework.Testng_B_TCs_Execution_Order" time="51.821" errors="0" timestamp="2025-01-21T17:31:44 CST" skipped="0">
  <testcase classname="testngframework.Testng_B_TCs_Execution_Order" name="facebook" time="4.642"/>
  <system-out/>
  <testcase classname="testngframework.Testng_B_TCs_Execution_Order" name="twitter" time="1.285"/>
  <system-out/>
  <testcase classname="testngframework.Testng_B_TCs_Execution_Order" name="swiggy" time="20.848"/>
  <system-out/>
  <testcase classname="testngframework.Testng_B_TCs_Execution_Order" name="seleniumdev" time="2.576"/>
  <system-out/>
  <testcase classname="testngframework.Testng_B_TCs_Execution_Order" name="google" time="7.370"/>
  <system-out/>
  <testcase classname="testngframework.Testng_B_TCs_Execution_Order" name="redmine" time="15.100"/>
  <system-out/>
</testsuite> <!-- testngframework.Testng_B_TCs_Execution_Order -->
