<?xml version="1.0" encoding="UTF-8"?>
<!-- Generated by org.testng.reporters.JUnitReportReporter -->
<testsuite hostname="manishas-MacBook-Air.local" failures="0" tests="1" name="actionclass.DragandDrop" time="6.051" errors="0" timestamp="2025-01-23T11:56:40 CST" skipped="0">
  <testcase classname="actionclass.DragandDrop" name="draganddrop" time="6.051"/>
  <system-out/>
</testsuite> <!-- actionclass.DragandDrop -->
