<?xml version="1.0" encoding="UTF-8"?>
<!-- Generated by org.testng.reporters.JUnitReportReporter -->
<testsuite hostname="manishas-MacBook-Air.local" failures="0" tests="1" name="actionclass.Keyboardfunctions" time="4.859" errors="0" timestamp="2025-01-23T12:21:26 CST" skipped="0">
  <testcase classname="actionclass.Keyboardfunctions" name="keyboardfunctions" time="4.859"/>
  <system-out/>
</testsuite> <!-- actionclass.Keyboardfunctions -->
