<?xml version="1.0" encoding="UTF-8"?>
<!-- Generated by org.testng.reporters.JUnitReportReporter -->
<testsuite hostname="manishas-MacBook-Air.local" failures="0" tests="1" name="dropdownmethods.Visibletext" time="20.333" errors="0" timestamp="2025-01-21T23:14:48 CST" skipped="0">
  <testcase classname="dropdownmethods.Visibletext" name="Dropdownoptions" time="20.333"/>
  <system-out/>
</testsuite> <!-- dropdownmethods.Visibletext -->
