<?xml version="1.0" encoding="UTF-8"?>
<!-- Generated by org.testng.reporters.JUnitReportReporter -->
<testsuite hostname="manishas-MacBook-Air.local" failures="0" tests="1" name="testngframework.Testng_A_Annotations_Execution_Order" time="0.003" errors="0" timestamp="2025-01-21T17:22:09 CST" skipped="0">
  <testcase classname="testngframework.Testng_A_Annotations_Execution_Order" name="f" time="0.003"/>
  <system-out/>
</testsuite> <!-- testngframework.Testng_A_Annotations_Execution_Order -->
