<?xml version="1.0" encoding="UTF-8"?>
<!-- Generated by org.testng.reporters.JUnitReportReporter -->
<testsuite hostname="manishas-MacBook-Air.local" failures="0" tests="1" name="actionclass.Mousehover" time="17.650" errors="0" timestamp="2025-01-23T12:10:37 CST" skipped="0">
  <testcase classname="actionclass.Mousehover" name="draganddrop" time="17.650"/>
  <system-out/>
</testsuite> <!-- actionclass.Mousehover -->
